{"duration":"8ms","ip":"::1","level":"warn","message":"Request rejected","method":"GET","statusCode":401,"timestamp":"2025-11-07 11:23:44","url":"/me"}
{"duration":"145ms","ip":"::1","level":"warn","message":"Request rejected","method":"GET","statusCode":401,"timestamp":"2025-11-07 11:40:09","url":"/me"}
{"duration":"178ms","ip":"::1","level":"warn","message":"Request rejected","method":"POST","statusCode":401,"timestamp":"2025-11-07 11:40:21","url":"/api/auth/login"}
{"duration":"147ms","ip":"::1","level":"warn","message":"Request rejected","method":"GET","statusCode":500,"timestamp":"2025-11-07 11:40:40","url":"/get-all-users"}
{"duration":"8ms","ip":"::1","level":"warn","message":"Request rejected","method":"GET","statusCode":401,"timestamp":"2025-11-07 12:01:30","url":"/me"}
{"duration":"844ms","ip":"::1","level":"warn","message":"Request rejected","method":"POST","statusCode":400,"timestamp":"2025-11-07 12:02:55","url":"/create-company"}
{"duration":"2073ms","ip":"::1","level":"warn","message":"Request rejected","method":"POST","statusCode":400,"timestamp":"2025-11-07 12:03:04","url":"/create-company"}
{"duration":"464ms","ip":"::1","level":"warn","message":"Request rejected","method":"POST","statusCode":400,"timestamp":"2025-11-07 12:03:57","url":"/create-company"}
{"duration":"365ms","ip":"::1","level":"warn","message":"Request rejected","method":"POST","statusCode":400,"timestamp":"2025-11-07 12:05:25","url":"/create-company"}
{"duration":"1047ms","ip":"::1","level":"warn","message":"Request rejected","method":"POST","statusCode":500,"timestamp":"2025-11-07 12:12:12","url":"/create-company"}
{"duration":"7ms","ip":"::1","level":"warn","message":"Request rejected","method":"GET","statusCode":401,"timestamp":"2025-11-07 12:19:22","url":"/me"}
{"duration":"289ms","ip":"::1","level":"warn","message":"Request rejected","method":"GET","statusCode":401,"timestamp":"2025-11-07 12:22:48","url":"/me"}
{"duration":"3684ms","ip":"::1","level":"warn","message":"Request rejected","method":"POST","statusCode":500,"timestamp":"2025-11-07 12:35:22","url":"/create-company"}
{"duration":"426ms","ip":"::1","level":"warn","message":"Request rejected","method":"POST","statusCode":500,"timestamp":"2025-11-07 12:36:10","url":"/create-company"}
{"duration":"106ms","ip":"::1","level":"warn","message":"Request rejected","method":"GET","statusCode":401,"timestamp":"2025-11-07 12:58:49","url":"/me"}
{"duration":"72ms","ip":"::1","level":"warn","message":"Request rejected","method":"GET","statusCode":401,"timestamp":"2025-11-07 12:58:49","url":"/get-company"}
{"duration":"2ms","ip":"::1","level":"warn","message":"Request rejected","method":"GET","statusCode":401,"timestamp":"2025-11-07 14:50:33","url":"/me"}
{"duration":"210ms","ip":"::1","level":"warn","message":"Request rejected","method":"POST","statusCode":500,"timestamp":"2025-11-07 14:58:33","url":"/create-company"}
{"duration":"287ms","ip":"::1","level":"warn","message":"Request rejected","method":"GET","statusCode":404,"timestamp":"2025-11-07 14:59:25","url":"/get-strip-publishkey"}
{"duration":"320ms","ip":"::1","level":"warn","message":"Request rejected","method":"GET","statusCode":401,"timestamp":"2025-11-07 14:59:42","url":"/me"}
{"duration":"39ms","ip":"::1","level":"warn","message":"Request rejected","method":"GET","statusCode":404,"timestamp":"2025-11-07 15:03:38","url":"/get-strip-publishkey"}
{"duration":"94ms","ip":"::1","level":"warn","message":"Request rejected","method":"GET","statusCode":401,"timestamp":"2025-11-07 15:03:51","url":"/me"}
{"duration":"333ms","ip":"::1","level":"warn","message":"Request rejected","method":"POST","statusCode":500,"timestamp":"2025-11-07 15:10:04","url":"/api/auth/login"}
{"duration":"333ms","ip":"::1","level":"warn","message":"Request rejected","method":"GET","statusCode":404,"timestamp":"2025-11-07 15:13:24","url":"/get-strip-publishkey"}
{"duration":"72ms","ip":"::1","level":"warn","message":"Request rejected","method":"GET","statusCode":401,"timestamp":"2025-11-07 15:13:53","url":"/me"}
{"duration":"138ms","ip":"::1","level":"warn","message":"Request rejected","method":"GET","statusCode":404,"timestamp":"2025-11-07 15:14:04","url":"/get-strip-publishkey"}
{"duration":"34ms","ip":"::1","level":"warn","message":"Request rejected","method":"GET","statusCode":404,"timestamp":"2025-11-07 15:14:13","url":"/get-strip-publishkey"}
{"duration":"1ms","ip":"::1","level":"warn","message":"Request rejected","method":"GET","statusCode":401,"timestamp":"2025-11-07 15:14:48","url":"/get-strip-publishkey"}
{"duration":"1ms","ip":"::1","level":"warn","message":"Request rejected","method":"GET","statusCode":401,"timestamp":"2025-11-07 15:14:50","url":"/get-strip-publishkey"}
{"duration":"201ms","ip":"::1","level":"warn","message":"Request rejected","method":"POST","statusCode":401,"timestamp":"2025-11-07 15:15:04","url":"/api/auth/login"}
{"duration":"203ms","ip":"::1","level":"warn","message":"Request rejected","method":"GET","statusCode":404,"timestamp":"2025-11-07 15:16:07","url":"/get-strip-publishkey"}
{"duration":"222ms","ip":"::1","level":"warn","message":"Request rejected","method":"GET","statusCode":404,"timestamp":"2025-11-07 15:16:27","url":"/get-strip-publishkey"}
{"duration":"179ms","ip":"::1","level":"warn","message":"Request rejected","method":"GET","statusCode":401,"timestamp":"2025-11-07 15:16:50","url":"/get-strip-publishkey"}
{"duration":"2ms","ip":"::1","level":"warn","message":"Request rejected","method":"GET","statusCode":401,"timestamp":"2025-11-07 15:16:52","url":"/get-strip-publishkey"}
{"duration":"2ms","ip":"::1","level":"warn","message":"Request rejected","method":"GET","statusCode":401,"timestamp":"2025-11-07 15:17:46","url":"/get-all-order"}
{"duration":"5ms","ip":"::1","level":"warn","message":"Request rejected","method":"GET","statusCode":401,"timestamp":"2025-11-07 15:17:46","url":"/get-all-bills?page=1&limit=10"}
{"duration":"5ms","ip":"::1","level":"warn","message":"Request rejected","method":"GET","statusCode":401,"timestamp":"2025-11-07 15:17:46","url":"/get-all-product"}
{"duration":"56ms","ip":"::1","level":"warn","message":"Request rejected","method":"GET","statusCode":401,"timestamp":"2025-11-07 15:18:47","url":"/me"}
{"duration":"46ms","ip":"::1","level":"warn","message":"Request rejected","method":"GET","statusCode":401,"timestamp":"2025-11-07 15:18:47","url":"/get-company"}
{"duration":"146ms","ip":"::1","level":"warn","message":"Request rejected","method":"GET","statusCode":401,"timestamp":"2025-11-07 15:20:44","url":"/me"}
